2023.04.04 16:50:08 INFO  Started: Metals version 0.11.11 in workspace '/home/cytech/Travail/S2/Java/tpVscode/IHM1' for client Visual Studio Code 1.76.2.[0m
SLF4J: No SLF4J providers were found.
SLF4J: Defaulting to no-operation (NOP) logger implementation
SLF4J: See https://www.slf4j.org/codes.html#noProviders for further details.
SLF4J: Class path contains SLF4J bindings targeting slf4j-api versions 1.7.x or earlier.
SLF4J: Ignoring binding found at [jar:file:/home/cytech/.cache/coursier/v1/https/repo1.maven.org/maven2/com/outr/scribe-slf4j_2.13/3.11.0/scribe-slf4j_2.13-3.11.0.jar!/org/slf4j/impl/StaticLoggerBinder.class]
SLF4J: See https://www.slf4j.org/codes.html#ignoredBindings for an explanation.
2023.04.04 16:50:08 INFO  time: initialize in 0.54s[0m
2023.04.04 16:50:10 WARN  Build server is not auto-connectable.[0m
2023.04.04 16:50:10 WARN  no build target for: /home/cytech/Travail/S2/Java/tpVscode/IHM1/src/main/java/com/example/ihm/App.java[0m
2023.04.04 16:50:15 INFO  skipping build import with status 'Dismissed'[0m
2023.04.04 16:50:21 INFO  skipping build import with status 'Dismissed'[0m
2023.04.04 16:50:26 INFO  skipping build import with status 'Dismissed'[0m
2023.04.04 16:50:27 INFO  skipping build import with status 'Dismissed'[0m
2023.04.04 16:50:29 INFO  skipping build import with status 'Dismissed'[0m
2023.04.04 16:50:31 INFO  skipping build import with status 'Dismissed'[0m
2023.04.04 16:51:53 INFO  skipping build import with status 'Dismissed'[0m
2023.04.04 16:51:55 INFO  skipping build import with status 'Dismissed'[0m
2023.04.04 16:51:59 INFO  skipping build import with status 'Dismissed'[0m
2023.04.04 16:52:05 INFO  skipping build import with status 'Dismissed'[0m
2023.04.04 16:52:15 INFO  skipping build import with status 'Dismissed'[0m
2023.04.04 16:52:18 INFO  skipping build import with status 'Dismissed'[0m
2023.04.04 16:52:30 INFO  skipping build import with status 'Dismissed'[0m
2023.04.04 16:52:33 INFO  skipping build import with status 'Dismissed'[0m
2023.04.04 16:52:37 INFO  skipping build import with status 'Dismissed'[0m
2023.04.04 16:52:41 INFO  skipping build import with status 'Dismissed'[0m
2023.04.04 16:52:46 INFO  skipping build import with status 'Dismissed'[0m
2023.04.04 16:53:05 INFO  skipping build import with status 'Dismissed'[0m
2023.04.04 16:53:07 INFO  skipping build import with status 'Dismissed'[0m
2023.04.04 16:53:08 INFO  skipping build import with status 'Dismissed'[0m
2023.04.04 16:53:21 INFO  skipping build import with status 'Dismissed'[0m
2023.04.04 16:53:26 INFO  skipping build import with status 'Dismissed'[0m
2023.04.04 16:53:29 INFO  skipping build import with status 'Dismissed'[0m
2023.04.04 16:53:33 INFO  skipping build import with status 'Dismissed'[0m
2023.04.04 16:53:40 INFO  skipping build import with status 'Dismissed'[0m
2023.04.04 16:53:46 INFO  skipping build import with status 'Dismissed'[0m
2023.04.04 16:53:49 INFO  skipping build import with status 'Dismissed'[0m
2023.04.04 16:53:50 INFO  skipping build import with status 'Dismissed'[0m
2023.04.04 16:53:51 INFO  skipping build import with status 'Dismissed'[0m
2023.04.04 16:53:53 INFO  skipping build import with status 'Dismissed'[0m
Apr 04, 2023 4:53:55 PM org.eclipse.lsp4j.jsonrpc.services.GenericEndpoint notify
INFO: Unsupported notification method: $/setTrace
2023.04.04 16:54:02 INFO  skipping build import with status 'Dismissed'[0m
2023.04.04 16:54:04 INFO  skipping build import with status 'Dismissed'[0m
2023.04.04 16:54:06 INFO  skipping build import with status 'Dismissed'[0m
2023.04.04 16:54:08 INFO  skipping build import with status 'Dismissed'[0m
2023.04.04 16:54:11 INFO  skipping build import with status 'Dismissed'[0m
2023.04.04 16:54:13 INFO  skipping build import with status 'Dismissed'[0m
2023.04.04 16:54:16 INFO  skipping build import with status 'Dismissed'[0m
2023.04.04 16:54:18 INFO  skipping build import with status 'Dismissed'[0m
2023.04.04 16:54:21 INFO  skipping build import with status 'Dismissed'[0m
2023.04.04 16:54:23 INFO  skipping build import with status 'Dismissed'[0m
2023.04.04 16:54:25 INFO  skipping build import with status 'Dismissed'[0m
2023.04.04 16:54:26 INFO  skipping build import with status 'Dismissed'[0m
2023.04.04 16:54:39 INFO  skipping build import with status 'Dismissed'[0m
2023.04.04 16:54:43 WARN  Skipping build import, no checksum.[0m
2023.04.04 16:54:49 INFO  skipping build import with status 'Dismissed'[0m
2023.04.04 16:55:01 INFO  skipping build import with status 'Dismissed'[0m
2023.04.04 16:55:03 INFO  skipping build import with status 'Dismissed'[0m
2023.04.04 16:55:07 INFO  skipping build import with status 'Dismissed'[0m
Apr 04, 2023 4:55:13 PM org.eclipse.lsp4j.jsonrpc.RemoteEndpoint handleCancellation
WARNING: Unmatched cancel notification for request id 44
2023.04.04 16:55:16 WARN  no build target for: /home/cytech/Travail/S2/Java/tpVscode/IHM1/src/main/java/com/example/ihm/App.java[0m
2023.04.04 16:55:53 INFO  skipping build import with status 'Dismissed'[0m
2023.04.04 16:55:55 INFO  skipping build import with status 'Dismissed'[0m
2023.04.04 16:56:08 INFO  skipping build import with status 'Dismissed'[0m
2023.04.04 16:56:13 INFO  skipping build import with status 'Dismissed'[0m
2023.04.04 16:56:15 INFO  skipping build import with status 'Dismissed'[0m
2023.04.04 16:56:16 INFO  skipping build import with status 'Dismissed'[0m
2023.04.04 16:56:21 INFO  skipping build import with status 'Dismissed'[0m
2023.04.04 16:56:24 INFO  skipping build import with status 'Dismissed'[0m
2023.04.04 16:56:26 INFO  skipping build import with status 'Dismissed'[0m
2023.04.04 16:56:28 INFO  skipping build import with status 'Dismissed'[0m
2023.04.04 16:56:32 INFO  skipping build import with status 'Dismissed'[0m
2023.04.04 16:56:35 INFO  skipping build import with status 'Dismissed'[0m
2023.04.04 16:56:39 INFO  skipping build import with status 'Dismissed'[0m
2023.04.04 16:56:40 INFO  skipping build import with status 'Dismissed'[0m
2023.04.04 16:56:43 INFO  skipping build import with status 'Dismissed'[0m
2023.04.04 16:56:47 INFO  skipping build import with status 'Dismissed'[0m
2023.04.04 16:56:48 INFO  skipping build import with status 'Dismissed'[0m
2023.04.04 16:56:53 INFO  skipping build import with status 'Dismissed'[0m
2023.04.04 16:56:57 INFO  skipping build import with status 'Dismissed'[0m
2023.04.04 16:56:59 INFO  skipping build import with status 'Dismissed'[0m
2023.04.04 16:57:03 INFO  skipping build import with status 'Dismissed'[0m
2023.04.04 16:57:06 INFO  skipping build import with status 'Dismissed'[0m
2023.04.04 16:57:07 INFO  skipping build import with status 'Dismissed'[0m
2023.04.04 16:57:09 INFO  skipping build import with status 'Dismissed'[0m
2023.04.04 16:57:14 INFO  skipping build import with status 'Dismissed'[0m
2023.04.04 16:57:19 INFO  skipping build import with status 'Dismissed'[0m
2023.04.04 16:57:22 INFO  skipping build import with status 'Dismissed'[0m
2023.04.04 16:57:26 INFO  skipping build import with status 'Dismissed'[0m
2023.04.04 16:57:30 INFO  skipping build import with status 'Dismissed'[0m
2023.04.04 16:57:35 INFO  skipping build import with status 'Dismissed'[0m
2023.04.04 16:57:37 INFO  skipping build import with status 'Dismissed'[0m
2023.04.04 16:57:41 INFO  skipping build import with status 'Dismissed'[0m
2023.04.04 16:57:47 INFO  skipping build import with status 'Dismissed'[0m
2023.04.04 16:57:52 INFO  skipping build import with status 'Dismissed'[0m
2023.04.04 16:58:09 WARN  no build target for: /home/cytech/Travail/S2/Java/tpVscode/IHM1/src/main/java/com/example/ihm/App.java[0m
2023.04.04 16:58:09 WARN  Running javac-semanticdb failed for file:///home/cytech/Travail/S2/Java/tpVscode/IHM1/src/main/java/com/example/ihm/App.java. Output:
/home/cytech/Travail/S2/Java/tpVscode/IHM1/src/main/java/com/example/ihm/App.java:4: error: illegal start of type
public class App extends  {
                          ^
1 error[0m
2023.04.04 16:58:13 WARN  no build target for: /home/cytech/Travail/S2/Java/tpVscode/IHM1/src/main/java/com/example/ihm/App.java[0m
2023.04.04 16:58:14 WARN  no build target for: /home/cytech/Travail/S2/Java/tpVscode/IHM1/src/main/java/com/example/ihm/App.java[0m
2023.04.04 16:58:22 WARN  no build target for: /home/cytech/Travail/S2/Java/tpVscode/IHM1/src/main/java/com/example/ihm/App.java[0m
2023.04.04 16:58:22 WARN  Running javac-semanticdb failed for file:///home/cytech/Travail/S2/Java/tpVscode/IHM1/src/main/java/com/example/ihm/App.java. Output:
/home/cytech/Travail/S2/Java/tpVscode/IHM1/src/main/java/com/example/ihm/App.java:6: error: <identifier> expected
    static final String
                       ^
1 error[0m
2023.04.04 16:58:24 WARN  no build target for: /home/cytech/Travail/S2/Java/tpVscode/IHM1/src/main/java/com/example/ihm/App.java[0m
2023.04.04 16:58:24 WARN  Running javac-semanticdb failed for file:///home/cytech/Travail/S2/Java/tpVscode/IHM1/src/main/java/com/example/ihm/App.java. Output:
/home/cytech/Travail/S2/Java/tpVscode/IHM1/src/main/java/com/example/ihm/App.java:6: error: <identifier> expected
    st
      ^
1 error[0m
2023.04.04 16:58:24 WARN  no build target for: /home/cytech/Travail/S2/Java/tpVscode/IHM1/src/main/java/com/example/ihm/App.java[0m
2023.04.04 16:58:34 WARN  no build target for: /home/cytech/Travail/S2/Java/tpVscode/IHM1/src/main/java/com/example/ihm/App.java[0m
2023.04.04 16:58:38 WARN  no build target for: /home/cytech/Travail/S2/Java/tpVscode/IHM1/src/main/java/com/example/ihm/App.java[0m
2023.04.04 16:58:39 WARN  Running javac-semanticdb failed for file:///home/cytech/Travail/S2/Java/tpVscode/IHM1/src/main/java/com/example/ihm/App.java. Output:
/home/cytech/Travail/S2/Java/tpVscode/IHM1/src/main/java/com/example/ihm/App.java:9: error: <identifier> expected
        stage.
              ^
/home/cytech/Travail/S2/Java/tpVscode/IHM1/src/main/java/com/example/ihm/App.java:9: error: not a statement
        stage.
             ^
2 errors[0m
2023.04.04 16:58:42 WARN  no build target for: /home/cytech/Travail/S2/Java/tpVscode/IHM1/src/main/java/com/example/ihm/App.java[0m
2023.04.04 16:58:43 WARN  no build target for: /home/cytech/Travail/S2/Java/tpVscode/IHM1/src/main/java/com/example/ihm/App.java[0m
2023.04.04 16:58:49 WARN  no build target for: /home/cytech/Travail/S2/Java/tpVscode/IHM1/src/main/java/com/example/ihm/App.java[0m
2023.04.04 16:58:51 WARN  no build target for: /home/cytech/Travail/S2/Java/tpVscode/IHM1/src/main/java/com/example/ihm/App.java[0m
2023.04.04 16:58:55 WARN  no build target for: /home/cytech/Travail/S2/Java/tpVscode/IHM1/src/main/java/com/example/ihm/App.java[0m
2023.04.04 16:58:56 WARN  Running javac-semanticdb failed for file:///home/cytech/Travail/S2/Java/tpVscode/IHM1/src/main/java/com/example/ihm/App.java. Output:
/home/cytech/Travail/S2/Java/tpVscode/IHM1/src/main/java/com/example/ihm/App.java:11: error: not a statement
        Butt
        ^
/home/cytech/Travail/S2/Java/tpVscode/IHM1/src/main/java/com/example/ihm/App.java:11: error: ';' expected
        Butt
            ^
2 errors[0m
2023.04.04 16:58:59 WARN  no build target for: /home/cytech/Travail/S2/Java/tpVscode/IHM1/src/main/java/com/example/ihm/App.java[0m
2023.04.04 16:59:00 WARN  Running javac-semanticdb failed for file:///home/cytech/Travail/S2/Java/tpVscode/IHM1/src/main/java/com/example/ihm/App.java. Output:
/home/cytech/Travail/S2/Java/tpVscode/IHM1/src/main/java/com/example/ihm/App.java:14: error: '(' or '[' expected
    }
    ^
1 error[0m
2023.04.04 16:59:01 WARN  Cannot tokenize Java file file:///home/cytech/Travail/S2/Java/tpVscode/IHM1/src/main/java/com/example/ihm/App.java
org.eclipse.jdt.core.compiler.InvalidInputException: Invalid_Character_Constant
	at org.eclipse.jdt.internal.core.util.PublicScanner.getNextToken(PublicScanner.java:1413)
	at scala.meta.internal.parsing.JavaTokens$.loop$1(JavaTokens.scala:71)
	at scala.meta.internal.parsing.JavaTokens$.$anonfun$tokenize$1(JavaTokens.scala:75)
	at scala.util.Try$.apply(Try.scala:210)
	at scala.meta.internal.parsing.JavaTokens$.tokenize(JavaTokens.scala:35)
	at scala.meta.internal.parsing.TokenEditDistance$.apply(TokenEditDistance.scala:370)
	at scala.meta.internal.metals.Diagnostics.publishDiagnostics(Diagnostics.scala:226)
	at scala.meta.internal.metals.Diagnostics.publishDiagnostics(Diagnostics.scala:188)
	at scala.meta.internal.metals.Diagnostics.didChange(Diagnostics.scala:136)
	at scala.meta.internal.metals.MetalsLspService.didChange(MetalsLspService.scala:1248)
	at scala.meta.metals.lsp.DelegatingScalaService.didChange(DelegatingScalaService.scala:50)
	at jdk.internal.reflect.GeneratedMethodAccessor8.invoke(null)
	at jdk.internal.reflect.DelegatingMethodAccessorImpl.invoke(DelegatingMethodAccessorImpl.java:43)
	at java.lang.reflect.Method.invoke(Method.java:566)
	at org.eclipse.lsp4j.jsonrpc.services.GenericEndpoint.lambda$null$0(GenericEndpoint.java:65)
	at org.eclipse.lsp4j.jsonrpc.services.GenericEndpoint.notify(GenericEndpoint.java:152)
	at org.eclipse.lsp4j.jsonrpc.RemoteEndpoint.handleNotification(RemoteEndpoint.java:220)
	at org.eclipse.lsp4j.jsonrpc.RemoteEndpoint.consume(RemoteEndpoint.java:187)
	at org.eclipse.lsp4j.jsonrpc.json.StreamMessageProducer.handleMessage(StreamMessageProducer.java:194)
	at org.eclipse.lsp4j.jsonrpc.json.StreamMessageProducer.listen(StreamMessageProducer.java:94)
	at org.eclipse.lsp4j.jsonrpc.json.ConcurrentMessageProcessor.run(ConcurrentMessageProcessor.java:113)
	at java.util.concurrent.Executors$RunnableAdapter.call(Executors.java:515)
	at java.util.concurrent.FutureTask.run(FutureTask.java:264)
	at java.util.concurrent.ThreadPoolExecutor.runWorker(ThreadPoolExecutor.java:1128)
	at java.util.concurrent.ThreadPoolExecutor$Worker.run(ThreadPoolExecutor.java:628)
	at java.lang.Thread.run(Thread.java:829)
[0m
Apr 04, 2023 4:59:01 PM org.eclipse.lsp4j.jsonrpc.RemoteEndpoint fallbackResponseError
SEVERE: Internal error: org.eclipse.jdt.core.compiler.InvalidInputException: Invalid_Character_Constant
java.util.concurrent.CompletionException: org.eclipse.jdt.core.compiler.InvalidInputException: Invalid_Character_Constant
	at java.base/java.util.concurrent.CompletableFuture.encodeThrowable(CompletableFuture.java:331)
	at java.base/java.util.concurrent.CompletableFuture.completeThrowable(CompletableFuture.java:346)
	at java.base/java.util.concurrent.CompletableFuture$UniAccept.tryFire(CompletableFuture.java:704)
	at java.base/java.util.concurrent.CompletableFuture.postComplete(CompletableFuture.java:506)
	at java.base/java.util.concurrent.CompletableFuture.completeExceptionally(CompletableFuture.java:2088)
	at scala.meta.internal.metals.CancelTokens$.$anonfun$future$1(CancelTokens.scala:40)
	at scala.meta.internal.metals.CancelTokens$.$anonfun$future$1$adapted(CancelTokens.scala:38)
	at scala.concurrent.impl.Promise$Transformation.run(Promise.scala:484)
	at java.base/java.util.concurrent.ThreadPoolExecutor.runWorker(ThreadPoolExecutor.java:1128)
	at java.base/java.util.concurrent.ThreadPoolExecutor$Worker.run(ThreadPoolExecutor.java:628)
	at java.base/java.lang.Thread.run(Thread.java:829)
Caused by: org.eclipse.jdt.core.compiler.InvalidInputException: Invalid_Character_Constant
	at org.eclipse.jdt.internal.core.util.PublicScanner.getNextToken(PublicScanner.java:1413)
	at scala.meta.internal.parsing.JavaFoldingRangeExtractor.next$1(JavaFoldingRangeExtractor.scala:100)
	at scala.meta.internal.parsing.JavaFoldingRangeExtractor.gather$1(JavaFoldingRangeExtractor.scala:147)
	at scala.meta.internal.parsing.JavaFoldingRangeExtractor.extract(JavaFoldingRangeExtractor.scala:155)
	at scala.meta.internal.parsing.FoldingRangeProvider.$anonfun$getRangedForJava$2(FoldingRangeProvider.scala:48)
	at scala.Option$WithFilter.map(Option.scala:242)
	at scala.meta.internal.parsing.FoldingRangeProvider.getRangedForJava(FoldingRangeProvider.scala:43)
	at scala.meta.internal.metals.MetalsLspService.$anonfun$foldingRange$3(MetalsLspService.scala:1776)
	at scala.concurrent.Future$.$anonfun$apply$1(Future.scala:678)
	at scala.concurrent.impl.Promise$Transformation.run(Promise.scala:467)
	... 3 more

2023.04.04 16:59:01 WARN  Cannot tokenize Java file file:///home/cytech/Travail/S2/Java/tpVscode/IHM1/src/main/java/com/example/ihm/App.java
org.eclipse.jdt.core.compiler.InvalidInputException: Invalid_Character_Constant
	at org.eclipse.jdt.internal.core.util.PublicScanner.getNextToken(PublicScanner.java:1413)
	at scala.meta.internal.parsing.JavaTokens$.loop$1(JavaTokens.scala:71)
	at scala.meta.internal.parsing.JavaTokens$.$anonfun$tokenize$1(JavaTokens.scala:75)
	at scala.util.Try$.apply(Try.scala:210)
	at scala.meta.internal.parsing.JavaTokens$.tokenize(JavaTokens.scala:35)
	at scala.meta.internal.parsing.TokenEditDistance$.apply(TokenEditDistance.scala:370)
	at scala.meta.internal.metals.Buffers.tokenEditDistance(Buffers.scala:30)
	at scala.meta.internal.metals.codelenses.RunTestCodeLens.codeLenses(RunTestCodeLens.scala:62)
	at scala.meta.internal.metals.CodeLensProvider.$anonfun$findLenses$3(CodeLensProvider.scala:26)
	at scala.collection.immutable.List.flatMap(List.scala:293)
	at scala.meta.internal.metals.CodeLensProvider.$anonfun$findLenses$2(CodeLensProvider.scala:26)
	at scala.Option.map(Option.scala:242)
	at scala.meta.internal.metals.CodeLensProvider.findLenses(CodeLensProvider.scala:24)
	at scala.meta.internal.metals.MetalsLspService.$anonfun$codeLens$2(MetalsLspService.scala:1761)
	at scala.meta.internal.metals.TimerProvider.timedThunk(TimerProvider.scala:25)
	at scala.meta.internal.metals.MetalsLspService.$anonfun$codeLens$1(MetalsLspService.scala:1759)
	at scala.meta.internal.metals.CancelTokens$.$anonfun$apply$2(CancelTokens.scala:26)
	at scala.concurrent.Future$.$anonfun$apply$1(Future.scala:678)
	at scala.concurrent.impl.Promise$Transformation.run(Promise.scala:467)
	at java.util.concurrent.ThreadPoolExecutor.runWorker(ThreadPoolExecutor.java:1128)
	at java.util.concurrent.ThreadPoolExecutor$Worker.run(ThreadPoolExecutor.java:628)
	at java.lang.Thread.run(Thread.java:829)
[0m
2023.04.04 16:59:01 WARN  Cannot tokenize Java file file:///home/cytech/Travail/S2/Java/tpVscode/IHM1/src/main/java/com/example/ihm/App.java
org.eclipse.jdt.core.compiler.InvalidInputException: Invalid_Character_Constant
	at org.eclipse.jdt.internal.core.util.PublicScanner.getNextToken(PublicScanner.java:1413)
	at scala.meta.internal.parsing.JavaTokens$.loop$1(JavaTokens.scala:71)
	at scala.meta.internal.parsing.JavaTokens$.$anonfun$tokenize$1(JavaTokens.scala:75)
	at scala.util.Try$.apply(Try.scala:210)
	at scala.meta.internal.parsing.JavaTokens$.tokenize(JavaTokens.scala:35)
	at scala.meta.internal.parsing.TokenEditDistance$.apply(TokenEditDistance.scala:370)
	at scala.meta.internal.metals.Buffers.tokenEditDistance(Buffers.scala:30)
	at scala.meta.internal.metals.codelenses.SuperMethodCodeLens.codeLenses(SuperMethodCodeLens.scala:36)
	at scala.meta.internal.metals.CodeLensProvider.$anonfun$findLenses$3(CodeLensProvider.scala:26)
	at scala.collection.immutable.List.flatMap(List.scala:293)
	at scala.meta.internal.metals.CodeLensProvider.$anonfun$findLenses$2(CodeLensProvider.scala:26)
	at scala.Option.map(Option.scala:242)
	at scala.meta.internal.metals.CodeLensProvider.findLenses(CodeLensProvider.scala:24)
	at scala.meta.internal.metals.MetalsLspService.$anonfun$codeLens$2(MetalsLspService.scala:1761)
	at scala.meta.internal.metals.TimerProvider.timedThunk(TimerProvider.scala:25)
	at scala.meta.internal.metals.MetalsLspService.$anonfun$codeLens$1(MetalsLspService.scala:1759)
	at scala.meta.internal.metals.CancelTokens$.$anonfun$apply$2(CancelTokens.scala:26)
	at scala.concurrent.Future$.$anonfun$apply$1(Future.scala:678)
	at scala.concurrent.impl.Promise$Transformation.run(Promise.scala:467)
	at java.util.concurrent.ThreadPoolExecutor.runWorker(ThreadPoolExecutor.java:1128)
	at java.util.concurrent.ThreadPoolExecutor$Worker.run(ThreadPoolExecutor.java:628)
	at java.lang.Thread.run(Thread.java:829)
[0m
2023.04.04 16:59:08 WARN  no build target for: /home/cytech/Travail/S2/Java/tpVscode/IHM1/src/main/java/com/example/ihm/App.java[0m
2023.04.04 16:59:12 WARN  no build target for: /home/cytech/Travail/S2/Java/tpVscode/IHM1/src/main/java/com/example/ihm/App.java[0m
2023.04.04 16:59:12 WARN  Running javac-semanticdb failed for file:///home/cytech/Travail/S2/Java/tpVscode/IHM1/src/main/java/com/example/ihm/App.java. Output:
/home/cytech/Travail/S2/Java/tpVscode/IHM1/src/main/java/com/example/ihm/App.java:14: error: not a statement
        St
        ^
/home/cytech/Travail/S2/Java/tpVscode/IHM1/src/main/java/com/example/ihm/App.java:14: error: ';' expected
        St
          ^
2 errors[0m
2023.04.04 16:59:15 WARN  no build target for: /home/cytech/Travail/S2/Java/tpVscode/IHM1/src/main/java/com/example/ihm/App.java[0m
2023.04.04 16:59:16 WARN  Running javac-semanticdb failed for file:///home/cytech/Travail/S2/Java/tpVscode/IHM1/src/main/java/com/example/ihm/App.java. Output:
/home/cytech/Travail/S2/Java/tpVscode/IHM1/src/main/java/com/example/ihm/App.java:16: error: '(' or '[' expected
    }
    ^
1 error[0m
2023.04.04 16:59:17 WARN  no build target for: /home/cytech/Travail/S2/Java/tpVscode/IHM1/src/main/java/com/example/ihm/App.java[0m
2023.04.04 16:59:17 WARN  Running javac-semanticdb failed for file:///home/cytech/Travail/S2/Java/tpVscode/IHM1/src/main/java/com/example/ihm/App.java. Output:
/home/cytech/Travail/S2/Java/tpVscode/IHM1/src/main/java/com/example/ihm/App.java:14: error: not a statement
        StackP
        ^
/home/cytech/Travail/S2/Java/tpVscode/IHM1/src/main/java/com/example/ihm/App.java:14: error: ';' expected
        StackP
              ^
2 errors[0m
2023.04.04 16:59:19 WARN  no build target for: /home/cytech/Travail/S2/Java/tpVscode/IHM1/src/main/java/com/example/ihm/App.java[0m
2023.04.04 16:59:19 WARN  Running javac-semanticdb failed for file:///home/cytech/Travail/S2/Java/tpVscode/IHM1/src/main/java/com/example/ihm/App.java. Output:
/home/cytech/Travail/S2/Java/tpVscode/IHM1/src/main/java/com/example/ihm/App.java:15: error: not a statement
        StackPane 
        ^
/home/cytech/Travail/S2/Java/tpVscode/IHM1/src/main/java/com/example/ihm/App.java:15: error: ';' expected
        StackPane 
                 ^
2 errors[0m
2023.04.04 16:59:22 WARN  no build target for: /home/cytech/Travail/S2/Java/tpVscode/IHM1/src/main/java/com/example/ihm/App.java[0m
2023.04.04 16:59:23 WARN  Running javac-semanticdb failed for file:///home/cytech/Travail/S2/Java/tpVscode/IHM1/src/main/java/com/example/ihm/App.java. Output:
/home/cytech/Travail/S2/Java/tpVscode/IHM1/src/main/java/com/example/ihm/App.java:17: error: illegal start of expression
    }
    ^
1 error[0m
2023.04.04 16:59:28 WARN  no build target for: /home/cytech/Travail/S2/Java/tpVscode/IHM1/src/main/java/com/example/ihm/App.java[0m
2023.04.04 16:59:28 WARN  Running javac-semanticdb failed for file:///home/cytech/Travail/S2/Java/tpVscode/IHM1/src/main/java/com/example/ihm/App.java. Output:
/home/cytech/Travail/S2/Java/tpVscode/IHM1/src/main/java/com/example/ihm/App.java:15: error: ';' expected
        StackPane root = new StackPane()
                                        ^
1 error[0m
2023.04.04 16:59:30 WARN  no build target for: /home/cytech/Travail/S2/Java/tpVscode/IHM1/src/main/java/com/example/ihm/App.java[0m
2023.04.04 16:59:40 WARN  no build target for: /home/cytech/Travail/S2/Java/tpVscode/IHM1/src/main/java/com/example/ihm/App.java[0m
2023.04.04 16:59:41 WARN  Running javac-semanticdb failed for file:///home/cytech/Travail/S2/Java/tpVscode/IHM1/src/main/java/com/example/ihm/App.java. Output:
/home/cytech/Travail/S2/Java/tpVscode/IHM1/src/main/java/com/example/ihm/App.java:17: error: not a statement
        root.getChildren().add
                          ^
/home/cytech/Travail/S2/Java/tpVscode/IHM1/src/main/java/com/example/ihm/App.java:17: error: ';' expected
        root.getChildren().add
                              ^
2 errors[0m
2023.04.04 16:59:42 WARN  no build target for: /home/cytech/Travail/S2/Java/tpVscode/IHM1/src/main/java/com/example/ihm/App.java[0m
2023.04.04 16:59:42 WARN  Running javac-semanticdb failed for file:///home/cytech/Travail/S2/Java/tpVscode/IHM1/src/main/java/com/example/ihm/App.java. Output:
/home/cytech/Travail/S2/Java/tpVscode/IHM1/src/main/java/com/example/ihm/App.java:17: error: ';' expected
        root.getChildren().add(root)
                                    ^
1 error[0m
2023.04.04 16:59:44 WARN  no build target for: /home/cytech/Travail/S2/Java/tpVscode/IHM1/src/main/java/com/example/ihm/App.java[0m
2023.04.04 16:59:45 WARN  Running javac-semanticdb failed for file:///home/cytech/Travail/S2/Java/tpVscode/IHM1/src/main/java/com/example/ihm/App.java. Output:
/home/cytech/Travail/S2/Java/tpVscode/IHM1/src/main/java/com/example/ihm/App.java:17: error: ';' expected
        root.getChildren().add(b)
                                 ^
1 error[0m
2023.04.04 16:59:46 WARN  no build target for: /home/cytech/Travail/S2/Java/tpVscode/IHM1/src/main/java/com/example/ihm/App.java[0m
2023.04.04 16:59:48 WARN  no build target for: /home/cytech/Travail/S2/Java/tpVscode/IHM1/src/main/java/com/example/ihm/App.java[0m
2023.04.04 16:59:57 WARN  no build target for: /home/cytech/Travail/S2/Java/tpVscode/IHM1/src/main/java/com/example/ihm/App.java[0m
2023.04.04 16:59:57 WARN  Running javac-semanticdb failed for file:///home/cytech/Travail/S2/Java/tpVscode/IHM1/src/main/java/com/example/ihm/App.java. Output:
/home/cytech/Travail/S2/Java/tpVscode/IHM1/src/main/java/com/example/ihm/App.java:22: error: illegal start of expression
    }
    ^
1 error[0m
2023.04.04 17:00:01 WARN  no build target for: /home/cytech/Travail/S2/Java/tpVscode/IHM1/src/main/java/com/example/ihm/App.java[0m
2023.04.04 17:00:01 WARN  Running javac-semanticdb failed for file:///home/cytech/Travail/S2/Java/tpVscode/IHM1/src/main/java/com/example/ihm/App.java. Output:
/home/cytech/Travail/S2/Java/tpVscode/IHM1/src/main/java/com/example/ihm/App.java:20: error: ';' expected
        Scene scene = new Scene(root)
                                     ^
1 error[0m
2023.04.04 17:00:07 WARN  no build target for: /home/cytech/Travail/S2/Java/tpVscode/IHM1/src/main/java/com/example/ihm/App.java[0m
2023.04.04 17:00:07 WARN  Running javac-semanticdb failed for file:///home/cytech/Travail/S2/Java/tpVscode/IHM1/src/main/java/com/example/ihm/App.java. Output:
/home/cytech/Travail/S2/Java/tpVscode/IHM1/src/main/java/com/example/ihm/App.java:20: error: ';' expected
        Scene scene = new Scene(r)
                                  ^
1 error[0m
2023.04.04 17:00:09 WARN  no build target for: /home/cytech/Travail/S2/Java/tpVscode/IHM1/src/main/java/com/example/ihm/App.java[0m
2023.04.04 17:00:09 WARN  Running javac-semanticdb failed for file:///home/cytech/Travail/S2/Java/tpVscode/IHM1/src/main/java/com/example/ihm/App.java. Output:
/home/cytech/Travail/S2/Java/tpVscode/IHM1/src/main/java/com/example/ihm/App.java:20: error: illegal start of expression
        Scene scene = new Scene(root, )
                                      ^
/home/cytech/Travail/S2/Java/tpVscode/IHM1/src/main/java/com/example/ihm/App.java:20: error: ';' expected
        Scene scene = new Scene(root, )
                                       ^
2 errors[0m
2023.04.04 17:00:12 WARN  no build target for: /home/cytech/Travail/S2/Java/tpVscode/IHM1/src/main/java/com/example/ihm/App.java[0m
2023.04.04 17:00:13 WARN  Running javac-semanticdb failed for file:///home/cytech/Travail/S2/Java/tpVscode/IHM1/src/main/java/com/example/ihm/App.java. Output:
/home/cytech/Travail/S2/Java/tpVscode/IHM1/src/main/java/com/example/ihm/App.java:20: error: ';' expected
        Scene scene = new Scene(root, 500, 300)
                                               ^
1 error[0m
2023.04.04 17:00:14 WARN  no build target for: /home/cytech/Travail/S2/Java/tpVscode/IHM1/src/main/java/com/example/ihm/App.java[0m
2023.04.04 17:00:20 WARN  no build target for: /home/cytech/Travail/S2/Java/tpVscode/IHM1/src/main/java/com/example/ihm/App.java[0m
2023.04.04 17:00:26 WARN  no build target for: /home/cytech/Travail/S2/Java/tpVscode/IHM1/src/main/java/com/example/ihm/App.java[0m
2023.04.04 17:00:26 WARN  Running javac-semanticdb failed for file:///home/cytech/Travail/S2/Java/tpVscode/IHM1/src/main/java/com/example/ihm/App.java. Output:
/home/cytech/Travail/S2/Java/tpVscode/IHM1/src/main/java/com/example/ihm/App.java:24: error: <identifier> expected
        stage.
              ^
/home/cytech/Travail/S2/Java/tpVscode/IHM1/src/main/java/com/example/ihm/App.java:24: error: not a statement
        stage.
             ^
2 errors[0m
2023.04.04 17:00:30 WARN  no build target for: /home/cytech/Travail/S2/Java/tpVscode/IHM1/src/main/java/com/example/ihm/App.java[0m
2023.04.04 17:00:34 WARN  no build target for: /home/cytech/Travail/S2/Java/tpVscode/IHM1/src/main/java/com/example/ihm/App.java[0m
2023.04.04 17:00:37 WARN  no build target for: /home/cytech/Travail/S2/Java/tpVscode/IHM1/src/main/java/com/example/ihm/App.java[0m
2023.04.04 17:00:38 WARN  Running javac-semanticdb failed for file:///home/cytech/Travail/S2/Java/tpVscode/IHM1/src/main/java/com/example/ihm/App.java. Output:
/home/cytech/Travail/S2/Java/tpVscode/IHM1/src/main/java/com/example/ihm/App.java:31: error: not a statement
        lau
        ^
/home/cytech/Travail/S2/Java/tpVscode/IHM1/src/main/java/com/example/ihm/App.java:31: error: ';' expected
        lau
           ^
2 errors[0m
2023.04.04 17:00:39 WARN  no build target for: /home/cytech/Travail/S2/Java/tpVscode/IHM1/src/main/java/com/example/ihm/App.java[0m
2023.04.04 17:01:09 WARN  no build target for: /home/cytech/Travail/S2/Java/tpVscode/IHM1/src/main/java/com/example/ihm/App.java[0m
2023.04.04 17:01:11 WARN  no build target for: /home/cytech/Travail/S2/Java/tpVscode/IHM1/src/main/java/com/example/ihm/App.java[0m
2023.04.04 17:01:15 WARN  no build target for: /home/cytech/Travail/S2/Java/tpVscode/IHM1/src/main/java/com/example/ihm/App.java[0m
2023.04.04 17:01:17 WARN  no build target for: /home/cytech/Travail/S2/Java/tpVscode/IHM1/src/main/java/com/example/ihm/App.java[0m
2023.04.04 17:01:18 WARN  no build target for: /home/cytech/Travail/S2/Java/tpVscode/IHM1/src/main/java/com/example/ihm/App.java[0m
2023.04.04 17:01:19 WARN  no build target for: /home/cytech/Travail/S2/Java/tpVscode/IHM1/src/main/java/com/example/ihm/App.java[0m
2023.04.04 17:01:21 WARN  no build target for: /home/cytech/Travail/S2/Java/tpVscode/IHM1/src/main/java/com/example/ihm/App.java[0m
2023.04.04 17:01:29 INFO  skipping build import with status 'Dismissed'[0m
2023.04.04 17:01:50 INFO  skipping build import with status 'Dismissed'[0m
2023.04.04 17:01:51 INFO  skipping build import with status 'Dismissed'[0m
2023.04.04 17:01:59 INFO  skipping build import with status 'Dismissed'[0m
2023.04.04 17:02:01 INFO  skipping build import with status 'Dismissed'[0m
2023.04.04 17:02:04 INFO  skipping build import with status 'Dismissed'[0m
2023.04.04 17:02:06 INFO  skipping build import with status 'Dismissed'[0m
2023.04.04 17:02:07 INFO  skipping build import with status 'Dismissed'[0m
2023.04.04 17:02:15 INFO  skipping build import with status 'Dismissed'[0m
2023.04.04 17:02:23 INFO  skipping build import with status 'Dismissed'[0m
2023.04.04 17:02:25 INFO  skipping build import with status 'Dismissed'[0m
2023.04.04 17:02:29 INFO  skipping build import with status 'Dismissed'[0m
2023.04.04 17:02:44 INFO  skipping build import with status 'Dismissed'[0m
2023.04.04 17:03:45 INFO  skipping build import with status 'Dismissed'[0m
2023.04.04 17:03:59 INFO  skipping build import with status 'Dismissed'[0m
2023.04.04 17:04:02 INFO  skipping build import with status 'Dismissed'[0m
2023.04.04 17:04:04 INFO  skipping build import with status 'Dismissed'[0m
2023.04.04 17:04:23 INFO  skipping build import with status 'Dismissed'[0m
2023.04.04 17:05:29 INFO  skipping build import with status 'Dismissed'[0m
2023.04.04 17:05:47 WARN  no build target for: /home/cytech/Travail/S2/Java/tpVscode/IHM1/src/main/java/com/example/ihm/App.java[0m
2023.04.04 17:05:51 WARN  no build target for: /home/cytech/Travail/S2/Java/tpVscode/IHM1/src/main/java/com/example/ihm/App.java[0m
2023.04.04 17:30:58 INFO  skipping build import with status 'Dismissed'[0m
2023.04.04 17:31:31 INFO  skipping build import with status 'Dismissed'[0m
2023.04.04 17:31:48 INFO  Shutting down server[0m
2023.04.04 17:31:48 INFO  shutting down Metals[0m
2023.04.04 17:31:48 INFO  Exiting server[0m
2023.04.05 08:00:10 INFO  Started: Metals version 0.11.11 in workspace '/home/cytech/Travail/S2/Java/tpVscode/IHM1' for client Visual Studio Code 1.76.2.[0m
SLF4J: No SLF4J providers were found.
SLF4J: Defaulting to no-operation (NOP) logger implementation
SLF4J: See https://www.slf4j.org/codes.html#noProviders for further details.
SLF4J: Class path contains SLF4J bindings targeting slf4j-api versions 1.7.x or earlier.
SLF4J: Ignoring binding found at [jar:file:/home/cytech/.cache/coursier/v1/https/repo1.maven.org/maven2/com/outr/scribe-slf4j_2.13/3.11.0/scribe-slf4j_2.13-3.11.0.jar!/org/slf4j/impl/StaticLoggerBinder.class]
SLF4J: See https://www.slf4j.org/codes.html#ignoredBindings for an explanation.
2023.04.05 08:00:13 INFO  time: initialize in 2.27s[0m
2023.04.05 08:00:19 WARN  Build server is not auto-connectable.[0m
2023.04.05 08:00:19 WARN  no build target for: /home/cytech/Travail/S2/Java/tpVscode/IHM1/src/main/java/com/example/ihm/App.java[0m
Apr 05, 2023 8:00:19 AM org.eclipse.lsp4j.jsonrpc.RemoteEndpoint handleCancellation
WARNING: Unmatched cancel notification for request id 2
Apr 05, 2023 8:00:20 AM org.eclipse.lsp4j.jsonrpc.RemoteEndpoint handleCancellation
WARNING: Unmatched cancel notification for request id 6
2023.04.05 08:00:20 INFO  skipping build import with status 'Dismissed'[0m
2023.04.05 08:00:24 INFO  time: code lens generation in 4.06s[0m
2023.04.05 08:00:24 INFO  time: code lens generation in 4.32s[0m
2023.04.05 08:00:59 INFO  skipping build import with status 'Dismissed'[0m
2023.04.05 08:01:01 INFO  skipping build import with status 'Dismissed'[0m
2023.04.05 08:21:20 INFO  Shutting down server[0m
2023.04.05 08:21:20 INFO  shutting down Metals[0m
2023.04.05 08:21:20 INFO  Exiting server[0m
2023.04.05 08:23:14 INFO  Started: Metals version 0.11.11 in workspace '/home/cytech/Travail/S2/Java/tpVscode/IHM1' for client Visual Studio Code 1.76.2.
SLF4J: No SLF4J providers were found.
SLF4J: Defaulting to no-operation (NOP) logger implementation
SLF4J: See https://www.slf4j.org/codes.html#noProviders for further details.
SLF4J: Class path contains SLF4J bindings targeting slf4j-api versions 1.7.x or earlier.
SLF4J: Ignoring binding found at [jar:file:/home/cytech/.cache/coursier/v1/https/repo1.maven.org/maven2/com/outr/scribe-slf4j_2.13/3.11.0/scribe-slf4j_2.13-3.11.0.jar!/org/slf4j/impl/StaticLoggerBinder.class]
SLF4J: See https://www.slf4j.org/codes.html#ignoredBindings for an explanation.
2023.04.05 08:23:14 INFO  time: initialize in 0.55s
2023.04.05 08:23:16 WARN  Build server is not auto-connectable.
2023.04.05 08:23:16 WARN  no build target for: /home/cytech/Travail/S2/Java/tpVscode/IHM1/src/main/java/com/example/ihm/App.java
2023.04.05 08:23:16 INFO  skipping build import with status 'Dismissed'
Apr 05, 2023 8:23:58 AM org.eclipse.lsp4j.jsonrpc.services.GenericEndpoint notify
INFO: Unsupported notification method: $/setTrace
2023.04.05 08:27:34 INFO  skipping build import with status 'Dismissed'
2023.04.05 08:27:38 INFO  skipping build import with status 'Dismissed'
2023.04.05 08:27:49 INFO  skipping build import with status 'Dismissed'
2023.04.05 08:27:52 INFO  skipping build import with status 'Dismissed'
Apr 05, 2023 8:30:06 AM org.eclipse.lsp4j.jsonrpc.services.GenericEndpoint notify
INFO: Unsupported notification method: $/setTrace
2023.04.05 08:30:25 INFO  Shutting down server
2023.04.05 08:30:25 INFO  shutting down Metals
2023.04.05 08:30:25 INFO  Exiting server
2023.04.25 08:14:18 INFO  Started: Metals version 0.11.12 in workspace '/home/cytech/Travail/S2/Java/tpVscode/IHM1' for client Visual Studio Code 1.77.3.
Apr 25, 2023 8:14:19 AM org.flywaydb.core.internal.license.VersionPrinter printVersionOnly
INFO: Flyway Community Edition 9.16.3 by Redgate
Apr 25, 2023 8:14:19 AM org.flywaydb.core.internal.license.VersionPrinter printVersion
INFO: See release notes here: https://rd.gt/416ObMi
Apr 25, 2023 8:14:19 AM org.flywaydb.core.internal.license.VersionPrinter printVersion
INFO: 
Apr 25, 2023 8:14:19 AM org.flywaydb.core.internal.database.base.BaseDatabaseType createDatabase
INFO: Database: jdbc:h2:file:/home/cytech/Travail/S2/Java/tpVscode/IHM1/.metals/metals (H2 2.1)
Apr 25, 2023 8:14:19 AM org.flywaydb.core.internal.command.DbValidate validate
INFO: Successfully validated 4 migrations (execution time 00:00.028s)
Apr 25, 2023 8:14:19 AM org.flywaydb.core.internal.command.DbMigrate migrateGroup
INFO: Current version of schema "PUBLIC": 4
Apr 25, 2023 8:14:19 AM org.flywaydb.core.internal.command.DbMigrate logSummary
INFO: Schema "PUBLIC" is up to date. No migration necessary.
2023.04.25 08:14:19 INFO  time: initialize in 0.65s
2023.04.25 08:14:21 WARN  Build server is not auto-connectable.
2023.04.25 08:14:21 WARN  no build target for: /home/cytech/Travail/S2/Java/tpVscode/IHM1/src/main/java/com/example/ihm/Main.java
2023.04.25 08:14:21 INFO  skipping build import with status 'Dismissed'
Apr 25, 2023 9:11:17 AM org.eclipse.lsp4j.jsonrpc.RemoteEndpoint handleCancellation
WARNING: Unmatched cancel notification for request id 2
2023.04.25 10:14:38 INFO  skipping build import with status 'Dismissed'
2023.04.25 10:15:10 WARN  no build target for: /home/cytech/Travail/S2/Java/tpVscode/IHM1/src/main/java/com/example/ihm/App.java
2023.04.25 11:56:13 INFO  Shutting down server
2023.04.25 11:56:13 INFO  shutting down Metals
2023.04.25 11:56:13 INFO  Exiting server
2023.04.25 11:56:22 INFO  Started: Metals version 0.11.12 in workspace '/home/cytech/Travail/S2/Java/tpVscode/IHM1' for client Visual Studio Code 1.77.3.
Apr 25, 2023 11:56:22 AM org.flywaydb.core.internal.license.VersionPrinter printVersionOnly
INFO: Flyway Community Edition 9.16.3 by Redgate
Apr 25, 2023 11:56:22 AM org.flywaydb.core.internal.license.VersionPrinter printVersion
INFO: See release notes here: https://rd.gt/416ObMi
Apr 25, 2023 11:56:22 AM org.flywaydb.core.internal.license.VersionPrinter printVersion
INFO: 
Apr 25, 2023 11:56:23 AM org.flywaydb.core.internal.database.base.BaseDatabaseType createDatabase
INFO: Database: jdbc:h2:file:/home/cytech/Travail/S2/Java/tpVscode/IHM1/.metals/metals (H2 2.1)
Apr 25, 2023 11:56:23 AM org.flywaydb.core.internal.command.DbValidate validate
INFO: Successfully validated 4 migrations (execution time 00:00.033s)
Apr 25, 2023 11:56:23 AM org.flywaydb.core.internal.command.DbMigrate migrateGroup
INFO: Current version of schema "PUBLIC": 4
Apr 25, 2023 11:56:23 AM org.flywaydb.core.internal.command.DbMigrate logSummary
INFO: Schema "PUBLIC" is up to date. No migration necessary.
2023.04.25 11:56:23 INFO  time: initialize in 1.21s
2023.04.25 11:56:26 WARN  Build server is not auto-connectable.
2023.04.25 11:56:26 WARN  no build target for: /home/cytech/Travail/S2/Java/tpVscode/IHM1/src/main/java/com/example/ihm/App.java
2023.04.25 11:56:27 INFO  skipping build import with status 'Dismissed'
Apr 25, 2023 11:56:28 AM org.eclipse.lsp4j.jsonrpc.RemoteEndpoint handleCancellation
WARNING: Unmatched cancel notification for request id 2
Apr 25, 2023 11:56:28 AM org.eclipse.lsp4j.jsonrpc.RemoteEndpoint handleCancellation
WARNING: Unmatched cancel notification for request id 1
Apr 25, 2023 11:56:29 AM org.eclipse.lsp4j.jsonrpc.RemoteEndpoint handleCancellation
WARNING: Unmatched cancel notification for request id 4
2023.04.25 11:56:29 INFO  time: code lens generation in 2.27s
2023.04.25 11:59:31 INFO  Shutting down server
2023.04.25 11:59:31 INFO  shutting down Metals
2023.04.25 11:59:31 INFO  Exiting server
